<?xml version="1.0" encoding="UTF-8"?>
<testng-results ignored="0" total="1" passed="1" failed="0" skipped="0">
  <reporter-output>
  </reporter-output>
  <suite started-at="2025-03-23T19:50:22 IST" name="Default suite" finished-at="2025-03-23T19:50:36 IST" duration-ms="13519">
    <groups>
      <group name="cucumber">
        <method signature="AbstractTestNGCucumberTests.runScenario(io.cucumber.testng.PickleWrapper,io.cucumber.testng.FeatureWrapper)[pri:0, instance:testRunner.UserRegistrationTestRunner@e3b3b2f]" name="runScenario" class="io.cucumber.testng.AbstractTestNGCucumberTests"/>
      </group> <!-- cucumber -->
    </groups>
    <test started-at="2025-03-23T19:50:22 IST" name="Default test" finished-at="2025-03-23T19:50:36 IST" duration-ms="13519">
      <class name="testRunner.UserRegistrationTestRunner">
        <test-method is-config="true" signature="setUpClass(org.testng.ITestContext)[pri:0, instance:testRunner.UserRegistrationTestRunner@e3b3b2f]" started-at="2025-03-23T19:50:22 IST" name="setUpClass" finished-at="2025-03-23T19:50:23 IST" duration-ms="597" status="PASS">
          <params>
            <param index="0">
              <value>
                <![CDATA[org.testng.TestRunner@692dba54]]>
              </value>
            </param>
          </params>
          <reporter-output>
          </reporter-output>
        </test-method> <!-- setUpClass -->
        <test-method signature="runScenario(io.cucumber.testng.PickleWrapper,io.cucumber.testng.FeatureWrapper)[pri:0, instance:testRunner.UserRegistrationTestRunner@e3b3b2f]" started-at="2025-03-23T19:50:23 IST" name="runScenario" description="Runs Cucumber Scenarios" data-provider="scenarios" finished-at="2025-03-23T19:50:36 IST" duration-ms="12779" status="PASS">
          <params>
            <param index="0">
              <value>
                <![CDATA["To check the Creating New Customer Account page with valid and invalid data"]]>
              </value>
            </param>
            <param index="1">
              <value>
                <![CDATA["Checking User Registration"]]>
              </value>
            </param>
          </params>
          <reporter-output>
          </reporter-output>
        </test-method> <!-- runScenario -->
        <test-method is-config="true" signature="tearDownClass()[pri:0, instance:testRunner.UserRegistrationTestRunner@e3b3b2f]" started-at="2025-03-23T19:50:36 IST" name="tearDownClass" finished-at="2025-03-23T19:50:36 IST" duration-ms="21" status="PASS">
          <reporter-output>
          </reporter-output>
        </test-method> <!-- tearDownClass -->
      </class> <!-- testRunner.UserRegistrationTestRunner -->
    </test> <!-- Default test -->
  </suite> <!-- Default suite -->
</testng-results>
