<?xml version="1.0" encoding="UTF-8"?>
<!-- Generated by org.testng.reporters.JUnitReportReporter -->
<testsuite hostname="BhargavAnanth" failures="0" tests="1" name="testRunner.AddingMultipleProductsTestRunner" time="0.301" errors="1" timestamp="2025-03-26T13:31:17 IST" skipped="0">
  <testcase classname="testRunner.AddingMultipleProductsTestRunner" name="runScenario" time="0.301">
    <error message="Unresolved compilation problems: 
	prop cannot be resolved
	test cannot be resolved
	test cannot be resolved
" type="java.lang.Error">
      <![CDATA[java.lang.Error: Unresolved compilation problems: 
prop cannot be resolved
test cannot be resolved
test cannot be resolved

at stepDef.AddingMultipleProductsStepDef.user_enters_the_valid_login_credentials(AddingMultipleProductsStepDef.java:26)
at ✽.User enters the valid Login Credentials "testuser@example.com"(file:///C:/Users/91767/git/Capstone_Pavan/src/test/resources/feature/AddMultipleProducts.feature:4)
]]>
    </error>
  </testcase> <!-- runScenario -->
</testsuite> <!-- testRunner.AddingMultipleProductsTestRunner -->
